

Version:	3.12
CmdLine:	C:\Users\digoa\햞ea de Trabalho\SISCODI v4.0\Siscodi\SISCODI.exe --l4j-debug
WOW64:		yes
Working dir:	C:\Users\digoa\햞ea de Trabalho\SISCODI v4.0\Siscodi\.
Java min ver:	1.008.000_060
Java max ver:	
64-bit search:	SOFTWARE\JavaSoft\Java Runtime Environment...
Check:		SOFTWARE\JavaSoft\Java Runtime Environment\1.7
Ignore:		1.007.000
Check:		SOFTWARE\JavaSoft\Java Runtime Environment\1.7.0_80
Ignore:		1.007.000_080
Check:		SOFTWARE\JavaSoft\Java Runtime Environment\1.8
Ignore:		1.008.000
Check:		SOFTWARE\JavaSoft\Java Runtime Environment\1.8.0_60
Check launcher:	C:\Program Files\Java\jre1.8.0_60\bin\javaw.exe (OK)
Match:		1.008.000_060
64-bit search:	SOFTWARE\JavaSoft\Java Development Kit...
Check:		SOFTWARE\JavaSoft\Java Development Kit\1.7
Ignore:		1.007.000
Check:		SOFTWARE\JavaSoft\Java Development Kit\1.7.0_80
Ignore:		1.007.000_080
Check:		SOFTWARE\JavaSoft\Java Development Kit\1.8
Ignore:		1.008.000
Check:		SOFTWARE\JavaSoft\Java Development Kit\1.8.0_60
Ignore:		1.008.000_060
64-bit search:	SOFTWARE\JavaSoft\JRE...
64-bit search:	SOFTWARE\JavaSoft\JDK...
Runtime used:	1.008.000_060 (64-bit)
Launcher:	C:\Program Files\Java\jre1.8.0_60\bin\javaw.exe
Launcher args:	-jar "C:\Users\digoa\햞ea de Trabalho\SISCODI v4.0\Siscodi\SISCODI.exe"
Args length:	71/32768 chars
Exit code:	0


Version:	3.12
CmdLine:	C:\Users\digoa\햞ea de Trabalho\SISCODI v4.0\Siscodi\SISCODI.exe --l4j-debug
WOW64:		yes
Java min ver:	1.008.000_060
Java max ver:	
64-bit search:	SOFTWARE\JavaSoft\Java Runtime Environment...
Check:		SOFTWARE\JavaSoft\Java Runtime Environment\1.7
Ignore:		1.007.000
Check:		SOFTWARE\JavaSoft\Java Runtime Environment\1.7.0_80
Ignore:		1.007.000_080
Check:		SOFTWARE\JavaSoft\Java Runtime Environment\1.8
Ignore:		1.008.000
Check:		SOFTWARE\JavaSoft\Java Runtime Environment\1.8.0_60
Check launcher:	C:\Program Files\Java\jre1.8.0_60\bin\javaw.exe (OK)
Match:		1.008.000_060
64-bit search:	SOFTWARE\JavaSoft\Java Development Kit...
Check:		SOFTWARE\JavaSoft\Java Development Kit\1.7
Ignore:		1.007.000
Check:		SOFTWARE\JavaSoft\Java Development Kit\1.7.0_80
Ignore:		1.007.000_080
Check:		SOFTWARE\JavaSoft\Java Development Kit\1.8
Ignore:		1.008.000
Check:		SOFTWARE\JavaSoft\Java Development Kit\1.8.0_60
Ignore:		1.008.000_060
64-bit search:	SOFTWARE\JavaSoft\JRE...
64-bit search:	SOFTWARE\JavaSoft\JDK...
Runtime used:	1.008.000_060 (64-bit)
Launcher:	C:\Program Files\Java\jre1.8.0_60\bin\javaw.exe
Launcher args:	-jar "C:\Users\digoa\햞ea de Trabalho\SISCODI v4.0\Siscodi\SISCODI.exe"
Args length:	71/32768 chars
Exit code:	0
